Using pre-set license
Built from '2020.3/staging' branch; Version is '2020.3.0f1 (c7b5465681fb) revision 13088070'; Using compiler version '192528614'; Build Type 'Release'
OS: 'Windows 10 Pro; OS build 19042.928; Version 2009; 64bit' Language: 'en' Physical Memory: 16336 MB
BatchMode: 1, IsHumanControllingUs: 0, StartBugReporterOnCrash: 0, Is64bit: 1, IsPro: 0

 COMMAND LINE ARGUMENTS:
D:\Program Files\2020.3.0f1\Editor\Unity.exe
-adb2
-batchMode
-noUpm
-name
AssetImportWorker0
-projectPath
D:/Unity Projects/FlappyBird
-logFile
Logs/AssetImportWorker0.log
-srvPort
57556
Successfully changed project path to: D:/Unity Projects/FlappyBird
D:/Unity Projects/FlappyBird
Using Asset Import Pipeline V2.
Refreshing native plugins compatible for Editor in 34.03 ms, found 0 plugins.
Preloading 0 native plugins for Editor in 0.00 ms.
Initialize engine version: 2020.3.0f1 (c7b5465681fb)
[Subsystems] Discovering subsystems at path D:/Program Files/2020.3.0f1/Editor/Data/Resources/UnitySubsystems
[Subsystems] Discovering subsystems at path D:/Unity Projects/FlappyBird/Assets
GfxDevice: creating device client; threaded=0
Direct3D:
    Version:  Direct3D 11.0 [level 11.1]
    Renderer: NVIDIA GeForce GTX 1060 6GB (ID=0x1c03)
    Vendor:   
    VRAM:     6052 MB
    Driver:   27.21.14.5671
Initialize mono
Mono path[0] = 'D:/Program Files/2020.3.0f1/Editor/Data/Managed'
Mono path[1] = 'D:/Program Files/2020.3.0f1/Editor/Data/MonoBleedingEdge/lib/mono/unityjit'
Mono config path = 'D:/Program Files/2020.3.0f1/Editor/Data/MonoBleedingEdge/etc'
Using monoOptions --debugger-agent=transport=dt_socket,embedding=1,server=y,suspend=n,address=127.0.0.1:56148
Begin MonoManager ReloadAssembly
Registering precompiled unity dll's ...
Register platform support module: D:/Program Files/2020.3.0f1/Editor/Data/PlaybackEngines/WindowsStandaloneSupport/UnityEditor.WindowsStandalone.Extensions.dll
Registered in 0.001787 seconds.
Native extension for WindowsStandalone target not found
Refreshing native plugins compatible for Editor in 29.02 ms, found 0 plugins.
Preloading 0 native plugins for Editor in 0.00 ms.
Invoked RoslynAnalysisRunner static constructor.
RoslynAnalysisRunner will not be running.
RoslynAnalysisRunner has terminated.
Mono: successfully reloaded assembly
- Completed reload, in  1.227 seconds
Platform modules already initialized, skipping
Registering precompiled user dll's ...
Registered in 0.000721 seconds.
Begin MonoManager ReloadAssembly
Native extension for WindowsStandalone target not found
Refreshing native plugins compatible for Editor in 0.23 ms, found 0 plugins.
Preloading 0 native plugins for Editor in 0.00 ms.
Invoked RoslynAnalysisRunner static constructor.
RoslynAnalysisRunner will not be running.
RoslynAnalysisRunner has terminated.
Mono: successfully reloaded assembly
- Completed reload, in  0.997 seconds
Platform modules already initialized, skipping
========================================================================
Worker process is ready to serve import requests
Launched and connected shader compiler UnityShaderCompiler.exe after 0.18 seconds
Refreshing native plugins compatible for Editor in 0.24 ms, found 0 plugins.
Preloading 0 native plugins for Editor in 0.00 ms.
Unloading 1134 Unused Serialized files (Serialized files now loaded: 0)
System memory in use before: 59.2 MB.
System memory in use after: 59.2 MB.

Unloading 10 unused Assets to reduce memory usage. Loaded Objects now: 1577.
Total: 2.246200 ms (FindLiveObjects: 0.197700 ms CreateObjectMapping: 0.116400 ms MarkObjects: 1.784900 ms  DeleteObjects: 0.145600 ms)

========================================================================
Received Import Request.
  path: Assets/Scenes/Boot.unity
  artifactKey: Guid(9fb542e6a29e1644f98ab241b92c9259) Importer(815301076,1909f56bfc062723c751e8b465ee728b)
Start importing Assets/Scenes/Boot.unity using Guid(9fb542e6a29e1644f98ab241b92c9259) Importer(815301076,1909f56bfc062723c751e8b465ee728b)  -> (artifact id: 'd9655651a1a07a735f02e5dc6b149f3f') in 0.026817 seconds
  Import took 0.029138 seconds .

========================================================================
Received Import Request.
  Time since last request: 92.202272 seconds.
  path: Assets/Scenes/MainScene.unity
  artifactKey: Guid(9fc0d4010bbf28b4594072e72b8655ab) Importer(815301076,1909f56bfc062723c751e8b465ee728b)
Start importing Assets/Scenes/MainScene.unity using Guid(9fc0d4010bbf28b4594072e72b8655ab) Importer(815301076,1909f56bfc062723c751e8b465ee728b)  -> (artifact id: '255a9ee201f10cf7d3440d953345f5dd') in 0.009599 seconds
  Import took 0.012027 seconds .

========================================================================
Received Import Request.
  Time since last request: 1.986942 seconds.
  path: Assets/Materials/Black.mat
  artifactKey: Guid(04f90f6d3a39a9c4c9d8ecbee3159077) Importer(815301076,1909f56bfc062723c751e8b465ee728b)
Start importing Assets/Materials/Black.mat using Guid(04f90f6d3a39a9c4c9d8ecbee3159077) Importer(815301076,1909f56bfc062723c751e8b465ee728b)  -> (artifact id: 'c6200e22b76e219ca365e780172a0a92') in 0.141306 seconds
  Import took 0.143778 seconds .

========================================================================
Received Import Request.
  Time since last request: 2.518648 seconds.
  path: Assets/Prefabs/Obstacle.prefab
  artifactKey: Guid(82ef3c0941db04a4d88d5ef7421c9391) Importer(815301076,1909f56bfc062723c751e8b465ee728b)
Start importing Assets/Prefabs/Obstacle.prefab using Guid(82ef3c0941db04a4d88d5ef7421c9391) Importer(815301076,1909f56bfc062723c751e8b465ee728b)  -> (artifact id: '336f69f26af213de4456916c3ebc2d2d') in 0.041549 seconds
  Import took 0.044490 seconds .

========================================================================
Received Import Request.
  Time since last request: 20.103859 seconds.
  path: Assets/Scripts/AssetHandler.cs
  artifactKey: Guid(6071dd1a7f18b4b4ea2e1b0c2c91bb5c) Importer(815301076,1909f56bfc062723c751e8b465ee728b)
Start importing Assets/Scripts/AssetHandler.cs using Guid(6071dd1a7f18b4b4ea2e1b0c2c91bb5c) Importer(815301076,1909f56bfc062723c751e8b465ee728b)  -> (artifact id: 'f66fde389097cb37da929eb7a2dd490b') in 0.014378 seconds
  Import took 0.018010 seconds .

========================================================================
Received Import Request.
  Time since last request: 1.823858 seconds.
  path: Assets/Scripts/Bird.cs
  artifactKey: Guid(86ef85ecd64507d48a3c3fa726515446) Importer(815301076,1909f56bfc062723c751e8b465ee728b)
Start importing Assets/Scripts/Bird.cs using Guid(86ef85ecd64507d48a3c3fa726515446) Importer(815301076,1909f56bfc062723c751e8b465ee728b)  -> (artifact id: '7514a9c3cadfd9a4a96496be89256e3e') in 0.008768 seconds
  Import took 0.011506 seconds .

========================================================================
Received Import Request.
  Time since last request: 0.030737 seconds.
  path: Assets/Scripts/Bird.cs
  artifactKey: Guid(86ef85ecd64507d48a3c3fa726515446) Importer(815301076,1909f56bfc062723c751e8b465ee728b)
Start importing Assets/Scripts/Bird.cs using Guid(86ef85ecd64507d48a3c3fa726515446) Importer(815301076,1909f56bfc062723c751e8b465ee728b)  -> (artifact id: '7514a9c3cadfd9a4a96496be89256e3e') in 0.002652 seconds
  Import took 0.005763 seconds .

========================================================================
Received Import Request.
  Time since last request: 0.991201 seconds.
  path: Assets/Scripts/GameHandler.cs
  artifactKey: Guid(8464e4ae854c8004f923a0e3f05ceecb) Importer(815301076,1909f56bfc062723c751e8b465ee728b)
Start importing Assets/Scripts/GameHandler.cs using Guid(8464e4ae854c8004f923a0e3f05ceecb) Importer(815301076,1909f56bfc062723c751e8b465ee728b)  -> (artifact id: 'd23b262f7eeb87f7eff37224c631d70a') in 0.008481 seconds
  Import took 0.011289 seconds .

========================================================================
Received Import Request.
  Time since last request: 8.319466 seconds.
  path: Assets/Scripts/GameOverWindow.cs
  artifactKey: Guid(130122a7cdca2fd409f5b329cb4d303e) Importer(815301076,1909f56bfc062723c751e8b465ee728b)
Start importing Assets/Scripts/GameOverWindow.cs using Guid(130122a7cdca2fd409f5b329cb4d303e) Importer(815301076,1909f56bfc062723c751e8b465ee728b)  -> (artifact id: '227cfda5d341c6fe80582f995fa82cec') in 0.008589 seconds
  Import took 0.012195 seconds .

========================================================================
Received Prepare
Registering precompiled user dll's ...
Registered in 0.000741 seconds.
Begin MonoManager ReloadAssembly
Native extension for WindowsStandalone target not found
Refreshing native plugins compatible for Editor in 0.24 ms, found 0 plugins.
Preloading 0 native plugins for Editor in 0.00 ms.
Invoked RoslynAnalysisRunner static constructor.
RoslynAnalysisRunner will not be running.
RoslynAnalysisRunner has terminated.
Mono: successfully reloaded assembly
- Completed reload, in  1.001 seconds
Platform modules already initialized, skipping
Refreshing native plugins compatible for Editor in 0.36 ms, found 0 plugins.
Preloading 0 native plugins for Editor in 0.00 ms.
Unloading 1115 Unused Serialized files (Serialized files now loaded: 0)
System memory in use before: 61.4 MB.
System memory in use after: 61.5 MB.

Unloading 6 unused Assets to reduce memory usage. Loaded Objects now: 1620.
Total: 1.843800 ms (FindLiveObjects: 0.161800 ms CreateObjectMapping: 0.046200 ms MarkObjects: 1.546600 ms  DeleteObjects: 0.087900 ms)

========================================================================
Received Prepare
Registering precompiled user dll's ...
Registered in 0.000735 seconds.
Begin MonoManager ReloadAssembly
Native extension for WindowsStandalone target not found
Refreshing native plugins compatible for Editor in 0.22 ms, found 0 plugins.
Preloading 0 native plugins for Editor in 0.00 ms.
Invoked RoslynAnalysisRunner static constructor.
RoslynAnalysisRunner will not be running.
RoslynAnalysisRunner has terminated.
Mono: successfully reloaded assembly
- Completed reload, in  0.951 seconds
Platform modules already initialized, skipping
Refreshing native plugins compatible for Editor in 0.33 ms, found 0 plugins.
Preloading 0 native plugins for Editor in 0.00 ms.
Unloading 1115 Unused Serialized files (Serialized files now loaded: 0)
System memory in use before: 61.4 MB.
System memory in use after: 61.5 MB.

Unloading 5 unused Assets to reduce memory usage. Loaded Objects now: 1623.
Total: 2.227300 ms (FindLiveObjects: 0.151200 ms CreateObjectMapping: 0.052400 ms MarkObjects: 1.941000 ms  DeleteObjects: 0.081300 ms)

========================================================================
Received Import Request.
  Time since last request: 45.715938 seconds.
  path: Assets/Scripts/MainMenuWindow.cs
  artifactKey: Guid(a74f7b0d426789b488eba393694db8e6) Importer(815301076,1909f56bfc062723c751e8b465ee728b)
Start importing Assets/Scripts/MainMenuWindow.cs using Guid(a74f7b0d426789b488eba393694db8e6) Importer(815301076,1909f56bfc062723c751e8b465ee728b)  -> (artifact id: '23b1884881d36ca0656a81e516abf170') in 0.013803 seconds
  Import took 0.016963 seconds .

========================================================================
Received Prepare
Registering precompiled user dll's ...
Registered in 0.000724 seconds.
Begin MonoManager ReloadAssembly
Native extension for WindowsStandalone target not found
Refreshing native plugins compatible for Editor in 0.23 ms, found 0 plugins.
Preloading 0 native plugins for Editor in 0.00 ms.
Invoked RoslynAnalysisRunner static constructor.
RoslynAnalysisRunner will not be running.
RoslynAnalysisRunner has terminated.
Mono: successfully reloaded assembly
- Completed reload, in  0.979 seconds
Platform modules already initialized, skipping
Refreshing native plugins compatible for Editor in 0.24 ms, found 0 plugins.
Preloading 0 native plugins for Editor in 0.00 ms.
Unloading 1115 Unused Serialized files (Serialized files now loaded: 0)
System memory in use before: 61.5 MB.
System memory in use after: 61.5 MB.

Unloading 5 unused Assets to reduce memory usage. Loaded Objects now: 1626.
Total: 2.220900 ms (FindLiveObjects: 0.149600 ms CreateObjectMapping: 0.031500 ms MarkObjects: 1.942300 ms  DeleteObjects: 0.096000 ms)

========================================================================
Received Prepare
Registering precompiled user dll's ...
Registered in 0.001313 seconds.
Begin MonoManager ReloadAssembly
Native extension for WindowsStandalone target not found
Refreshing native plugins compatible for Editor in 0.23 ms, found 0 plugins.
Preloading 0 native plugins for Editor in 0.00 ms.
Invoked RoslynAnalysisRunner static constructor.
RoslynAnalysisRunner will not be running.
RoslynAnalysisRunner has terminated.
Mono: successfully reloaded assembly
- Completed reload, in  1.127 seconds
Platform modules already initialized, skipping
Refreshing native plugins compatible for Editor in 0.24 ms, found 0 plugins.
Preloading 0 native plugins for Editor in 0.00 ms.
Unloading 1115 Unused Serialized files (Serialized files now loaded: 0)
System memory in use before: 61.5 MB.
System memory in use after: 61.5 MB.

Unloading 5 unused Assets to reduce memory usage. Loaded Objects now: 1629.
Total: 2.084400 ms (FindLiveObjects: 0.203800 ms CreateObjectMapping: 0.097200 ms MarkObjects: 1.676700 ms  DeleteObjects: 0.105100 ms)

========================================================================
Received Prepare
Registering precompiled user dll's ...
Registered in 0.000832 seconds.
Begin MonoManager ReloadAssembly
Native extension for WindowsStandalone target not found
Refreshing native plugins compatible for Editor in 0.22 ms, found 0 plugins.
Preloading 0 native plugins for Editor in 0.00 ms.
Invoked RoslynAnalysisRunner static constructor.
RoslynAnalysisRunner will not be running.
RoslynAnalysisRunner has terminated.
Mono: successfully reloaded assembly
- Completed reload, in  0.974 seconds
Platform modules already initialized, skipping
Refreshing native plugins compatible for Editor in 0.24 ms, found 0 plugins.
Preloading 0 native plugins for Editor in 0.00 ms.
Unloading 1115 Unused Serialized files (Serialized files now loaded: 0)
System memory in use before: 61.5 MB.
System memory in use after: 61.5 MB.

Unloading 5 unused Assets to reduce memory usage. Loaded Objects now: 1632.
Total: 2.189900 ms (FindLiveObjects: 0.239800 ms CreateObjectMapping: 0.057800 ms MarkObjects: 1.813500 ms  DeleteObjects: 0.077700 ms)

AssetImportWorkerClient::OnTransportError - code=2 error=End of file
